Start REDMO 25 - Date: 3/24/14 3:43:12 PM PDT - File: 
End REDMO 25 - Date: 3/24/14 3:43:22 PM PDT - File: ./dat/999.dat
Start REDMO 25 - Date: 3/26/14 11:39:51 AM PDT - File: 
End REDMO 25 - Date: 3/26/14 12:26:46 PM PDT - File: ./dat/999001.dat
Start REDMO 25 - Date: 3/26/14 2:50:54 PM PDT - File: 
End REDMO 25 - Date: 3/26/14 2:56:55 PM PDT - File: ./dat/666.dat
Start REDMO 25 - Date: 3/28/14 3:21:12 PM PDT - File: 
End REDMO 25 - Date: 3/28/14 3:21:16 PM PDT - File: ./dat/999002.dat
Start REDMO 25 - Date: 3/28/14 3:22:25 PM PDT - File: 
End REDMO 25 - Date: 3/28/14 3:22:27 PM PDT - File: ./dat/999003.dat
Start REDMO 25 - Date: 3/28/14 3:26:20 PM PDT - File: 
End REDMO 25 - Date: 3/28/14 3:26:23 PM PDT - File: ./dat/999004.dat
Start REDMO 25 - Date: 3/28/14 3:26:54 PM PDT - File: 
End REDMO 25 - Date: 3/28/14 3:26:56 PM PDT - File: ./dat/999005.dat
Start REDMO 25 - Date: 4/3/14 9:38:09 AM PDT - File: 
End REDMO 25 - Date: 4/3/14 9:56:19 AM PDT - File: ./dat/666001.dat
Start REDMO 25 - Date: 4/3/14 10:01:54 AM PDT - File: 
End REDMO 25 - Date: 4/3/14 10:26:30 AM PDT - File: ./dat/228.dat
Start REDMO 25 - Date: 4/3/14 2:29:38 PM PDT - File: 
End REDMO 25 - Date: 4/3/14 2:33:34 PM PDT - File: ./dat/999006.dat
Start REDMO 25 - Date: 4/3/14 2:48:51 PM PDT - File: 
End REDMO 25 - Date: 4/3/14 3:14:59 PM PDT - File: ./dat/231.dat
Start REDMO 25 - Date: 4/3/14 4:23:56 PM PDT - File: 
End REDMO 25 - Date: 4/3/14 4:54:26 PM PDT - File: ./dat/232.dat
Start REDMO 25 - Date: 4/4/14 10:45:02 AM PDT - File: 
End REDMO 25 - Date: 4/4/14 11:05:18 AM PDT - File: ./dat/233.dat
Start REDMO 25 - Date: 4/4/14 12:51:46 PM PDT - File: 
End REDMO 25 - Date: 4/4/14 12:52:39 PM PDT - File: ./dat/235.dat
Start REDMO 25 - Date: 4/4/14 12:52:51 PM PDT - File: 
End REDMO 25 - Date: 4/4/14 1:17:31 PM PDT - File: ./dat/235001.dat
Start REDMO 25 - Date: 4/4/14 2:07:04 PM PDT - File: 
End REDMO 25 - Date: 4/4/14 2:20:41 PM PDT - File: ./dat/999007.dat
Start REDMO 25 - Date: 4/4/14 2:25:42 PM PDT - File: 
End REDMO 25 - Date: 4/4/14 2:40:12 PM PDT - File: ./dat/999008.dat
Start REDMO 25 - Date: 4/4/14 2:45:41 PM PDT - File: 
End REDMO 25 - Date: 4/4/14 2:58:50 PM PDT - File: ./dat/998.dat
Start REDMO 25 - Date: 4/4/14 5:05:05 PM PDT - File: 
End REDMO 25 - Date: 4/4/14 5:22:59 PM PDT - File: ./dat/238.dat
Start REDMO 25 - Date: 4/4/14 6:52:00 PM PDT - File: 
End REDMO 25 - Date: 4/4/14 7:22:09 PM PDT - File: ./dat/240.dat
Start REDMO 25 - Date: 4/5/14 10:40:30 AM PDT - File: 
End REDMO 25 - Date: 4/5/14 10:59:45 AM PDT - File: ./dat/242.dat
Start REDMO 25 - Date: 4/6/14 9:58:45 AM PDT - File: 
End REDMO 25 - Date: 4/6/14 9:58:50 AM PDT - File: 
Start REDMO 25 - Date: 4/6/14 10:01:20 AM PDT - File: 
End REDMO 25 - Date: 4/6/14 10:03:14 AM PDT - File: ./dat/666002.dat
Start REDMO 25 - Date: 4/6/14 10:03:39 AM PDT - File: 
End REDMO 25 - Date: 4/6/14 10:05:40 AM PDT - File: ./dat/666003.dat
Start REDMO 25 - Date: 4/6/14 10:48:56 AM PDT - File: 
End REDMO 25 - Date: 4/6/14 11:07:47 AM PDT - File: ./dat/252.dat
Start REDMO 25 - Date: 4/6/14 12:16:05 PM PDT - File: 
End REDMO 25 - Date: 4/6/14 1:02:29 PM PDT - File: ./dat/246.dat
Start REDMO 25 - Date: 4/6/14 1:21:04 PM PDT - File: 
End REDMO 25 - Date: 4/6/14 2:14:12 PM PDT - File: ./dat/247.dat
Start REDMO 25 - Date: 4/7/14 11:09:00 AM PDT - File: 
End REDMO 25 - Date: 4/7/14 11:50:30 AM PDT - File: ./dat/249.dat
Start REDMO 25 - Date: 4/7/14 12:25:25 PM PDT - File: 
End REDMO 25 - Date: 4/7/14 1:00:42 PM PDT - File: ./dat/253.dat
Start REDMO 25 - Date: 4/7/14 1:57:33 PM PDT - File: 
End REDMO 25 - Date: 4/7/14 2:31:18 PM PDT - File: ./dat/257.dat
Start REDMO 25 - Date: 4/8/14 11:37:50 AM PDT - File: 
End REDMO 25 - Date: 4/8/14 11:54:47 AM PDT - File: ./dat/259.dat
Start REDMO 25 - Date: 4/8/14 12:59:42 PM PDT - File: 
End REDMO 25 - Date: 4/8/14 1:17:18 PM PDT - File: ./dat/260.dat
Start REDMO 25 - Date: 4/10/14 11:51:44 AM PDT - File: 
End REDMO 25 - Date: 4/10/14 12:07:05 PM PDT - File: ./dat/263.dat
Start REDMO 25 - Date: 4/10/14 1:23:17 PM PDT - File: 
End REDMO 25 - Date: 4/10/14 1:41:41 PM PDT - File: ./dat/264.dat
Start REDMO 25 - Date: 4/10/14 4:13:11 PM PDT - File: 
End REDMO 25 - Date: 4/10/14 4:17:39 PM PDT - File: ./dat/225.dat
Start REDMO 25 - Date: 4/10/14 4:18:01 PM PDT - File: 
End REDMO 25 - Date: 4/10/14 4:58:19 PM PDT - File: ./dat/225001.dat
Start REDMO 25 - Date: 4/11/14 10:35:15 AM PDT - File: 
End REDMO 25 - Date: 4/11/14 10:52:45 AM PDT - File: ./dat/226.dat
Start REDMO 25 - Date: 4/11/14 5:22:07 PM PDT - File: 
End REDMO 25 - Date: 4/11/14 5:50:15 PM PDT - File: ./dat/227.dat
Start REDMO 25 - Date: 4/12/14 1:12:33 PM PDT - File: 
End REDMO 25 - Date: 4/12/14 2:01:30 PM PDT - File: ./dat/267.dat
Start REDMO 25 - Date: 4/13/14 11:53:59 AM PDT - File: 
End REDMO 25 - Date: 4/13/14 12:48:45 PM PDT - File: ./dat/229.dat
Start REDMO 25 - Date: 4/15/14 9:40:24 AM PDT - File: 
End REDMO 25 - Date: 4/15/14 9:40:30 AM PDT - File: ./dat/999009.dat
Start REDMO 25 - Date: 4/15/14 9:41:17 AM PDT - File: 
End REDMO 25 - Date: 4/15/14 9:41:20 AM PDT - File: ./dat/999010.dat
Start REDMO 25 - Date: 4/15/14 9:41:54 AM PDT - File: 
End REDMO 25 - Date: 4/15/14 9:41:57 AM PDT - File: ./dat/999011.dat
Start REDMO 25 - Date: 4/15/14 9:42:25 AM PDT - File: 
End REDMO 25 - Date: 4/15/14 9:42:31 AM PDT - File: ./dat/999012.dat
Start REDMO 25 - Date: 4/15/14 11:55:03 AM PDT - File: 
End REDMO 25 - Date: 4/15/14 12:15:31 PM PDT - File: ./dat/234.dat
Start REDMO 25 - Date: 4/15/14 1:10:30 PM PDT - File: 
End REDMO 25 - Date: 4/15/14 1:25:16 PM PDT - File: ./dat/236.dat
Start REDMO 25 - Date: 4/16/14 3:57:33 PM PDT - File: 
End REDMO 25 - Date: 4/16/14 4:10:34 PM PDT - File: ./dat/999013.dat
Start REDMO 25 - Date: 4/16/14 4:12:30 PM PDT - File: 
End REDMO 25 - Date: 4/16/14 4:12:36 PM PDT - File: ./dat/999014.dat
Start REDMO 25 - Date: 4/16/14 4:13:19 PM PDT - File: 
End REDMO 25 - Date: 4/16/14 4:13:22 PM PDT - File: ./dat/999015.dat
Start REDMO 25 - Date: 4/16/14 4:13:43 PM PDT - File: 
End REDMO 25 - Date: 4/16/14 4:13:45 PM PDT - File: ./dat/999016.dat
Start REDMO 25 - Date: 4/16/14 4:14:22 PM PDT - File: 
End REDMO 25 - Date: 4/16/14 4:14:24 PM PDT - File: ./dat/999017.dat
Start REDMO 25 - Date: 4/16/14 4:15:00 PM PDT - File: 
End REDMO 25 - Date: 4/16/14 4:15:03 PM PDT - File: ./dat/999018.dat
Start REDMO 25 - Date: 4/16/14 4:15:11 PM PDT - File: 
End REDMO 25 - Date: 4/16/14 4:32:38 PM PDT - File: ./dat/999019.dat
Start REDMO 25 - Date: 4/16/14 4:35:08 PM PDT - File: 
End REDMO 25 - Date: 4/16/14 4:35:12 PM PDT - File: ./dat/99.dat
Start REDMO 25 - Date: 4/17/14 12:45:08 PM PDT - File: 
End REDMO 25 - Date: 4/17/14 12:45:32 PM PDT - File: ./dat/666004.dat
Start REDMO 25 - Date: 4/17/14 12:45:40 PM PDT - File: 
End REDMO 25 - Date: 4/17/14 12:46:23 PM PDT - File: ./dat/666005.dat
Start REDMO 25 - Date: 4/17/14 1:23:40 PM PDT - File: 
End REDMO 25 - Date: 4/17/14 2:05:23 PM PDT - File: ./dat/237.dat
Start REDMO 25 - Date: 4/20/14 10:49:38 AM PDT - File: 
End REDMO 25 - Date: 4/20/14 11:23:28 AM PDT - File: ./dat/270.dat
Start REDMO 25 - Date: 4/21/14 4:19:05 PM PDT - File: 
End REDMO 25 - Date: 4/21/14 4:38:08 PM PDT - File: ./dat/239.dat
Start REDMO 25 - Date: 4/21/14 5:30:42 PM PDT - File: 
End REDMO 25 - Date: 4/21/14 5:48:17 PM PDT - File: ./dat/241.dat
Start REDMO 25 - Date: 4/24/14 10:25:51 AM PDT - File: 
End REDMO 25 - Date: 4/24/14 10:44:20 AM PDT - File: ./dat/243.dat
Start REDMO 25 - Date: 4/25/14 10:32:11 AM PDT - File: 
End REDMO 25 - Date: 4/25/14 11:10:07 AM PDT - File: ./dat/244.dat
Start REDMO 25 - Date: 4/25/14 12:44:54 PM PDT - File: 
End REDMO 25 - Date: 4/25/14 1:20:25 PM PDT - File: ./dat/245.dat
Start REDMO 25 - Date: 4/25/14 4:58:55 PM PDT - File: 
End REDMO 25 - Date: 4/25/14 5:54:22 PM PDT - File: ./dat/230.dat
Start REDMO 25 - Date: 4/26/14 1:21:30 PM PDT - File: 
End REDMO 25 - Date: 4/26/14 2:11:58 PM PDT - File: ./dat/248.dat
Start REDMO 25 - Date: 4/26/14 3:11:21 PM PDT - File: 
End REDMO 25 - Date: 4/26/14 3:59:46 PM PDT - File: ./dat/250.dat
Start REDMO 25 - Date: 4/26/14 4:32:42 PM PDT - File: 
End REDMO 25 - Date: 4/26/14 5:29:50 PM PDT - File: ./dat/251.dat
Start REDMO 25 - Date: 4/27/14 10:47:56 AM PDT - File: 
End REDMO 25 - Date: 4/27/14 11:26:12 AM PDT - File: ./dat/254.dat
Start REDMO 25 - Date: 4/27/14 12:10:16 PM PDT - File: 
End REDMO 25 - Date: 4/27/14 12:45:17 PM PDT - File: ./dat/255.dat
Start REDMO 25 - Date: 4/27/14 1:53:20 PM PDT - File: 
End REDMO 25 - Date: 4/27/14 2:26:19 PM PDT - File: ./dat/256.dat
Start REDMO 25 - Date: 4/27/14 3:12:51 PM PDT - File: 
End REDMO 25 - Date: 4/27/14 3:46:35 PM PDT - File: ./dat/258.dat
Start REDMO 25 - Date: 4/27/14 4:49:33 PM PDT - File: 
End REDMO 25 - Date: 4/27/14 5:16:30 PM PDT - File: ./dat/261.dat
Start REDMO 25 - Date: 4/28/14 11:15:19 AM PDT - File: 
End REDMO 25 - Date: 4/28/14 11:52:56 AM PDT - File: ./dat/262.dat
Start REDMO 25 - Date: 4/28/14 12:20:28 PM PDT - File: 
Start REDMO 25 - Date: 4/28/14 2:26:32 PM PDT - File: 
End REDMO 25 - Date: 4/28/14 2:46:58 PM PDT - File: ./dat/266.dat
Start REDMO 25 - Date: 4/29/14 12:58:50 PM PDT - File: 
End REDMO 25 - Date: 4/29/14 1:41:45 PM PDT - File: ./dat/265.dat
Start REDMO 25 - Date: 4/30/14 3:59:29 PM PDT - File: 
End REDMO 25 - Date: 4/30/14 4:45:32 PM PDT - File: ./dat/269.dat
Start REDMO 25 - Date: 5/1/14 4:21:38 PM PDT - File: 
End REDMO 25 - Date: 5/1/14 4:48:32 PM PDT - File: ./dat/272.dat
Start REDMO 25 - Date: 5/2/14 5:16:19 PM PDT - File: 
End REDMO 25 - Date: 5/2/14 5:48:38 PM PDT - File: ./dat/274.dat
Start REDMO 25 - Date: 5/8/14 1:21:28 PM PDT - File: 
End REDMO 25 - Date: 5/8/14 1:54:33 PM PDT - File: ./dat/271.dat
Start REDMO 25 - Date: 5/8/14 2:57:31 PM PDT - File: 
End REDMO 25 - Date: 5/8/14 3:25:01 PM PDT - File: ./dat/273.dat
Start REDMO 25 - Date: 7/30/14 4:55:16 PM PDT - File: 
End REDMO 25 - Date: 7/30/14 5:38:03 PM PDT - File: ./dat/900.dat
Start REDMO 25 - Date: 8/1/14 8:06:51 AM PDT - File: 
End REDMO 25 - Date: 8/1/14 8:26:16 AM PDT - File: ./dat/901.dat
Start REDMO 25 - Date: 8/2/14 12:22:52 PM PDT - File: 
Start REDMO 25 - Date: 8/2/14 1:07:37 PM PDT - File: 
End REDMO 25 - Date: 8/2/14 1:43:01 PM PDT - File: ./dat/696.dat
Start REDMO 25 - Date: 8/13/14 3:35:45 PM PDT - File: 
End REDMO 25 - Date: 8/13/14 4:23:53 PM PDT - File: ./dat/901001.dat
Start REDMO 25 - Date: 8/26/14 9:52:09 AM PDT - File: 
End REDMO 25 - Date: 8/26/14 9:52:30 AM PDT - File: ./dat/666006.dat
Start REDMO 25 - Date: 8/26/14 10:15:32 AM PDT - File: 
End REDMO 25 - Date: 8/26/14 10:54:59 AM PDT - File: ./dat/666007.dat
Start REDMO 25 - Date: 8/26/14 2:45:43 PM PDT - File: 
End REDMO 25 - Date: 8/26/14 3:33:23 PM PDT - File: ./dat/275.dat
Start REDMO 25 - Date: 8/27/14 2:05:17 PM PDT - File: 
End REDMO 25 - Date: 8/27/14 2:49:06 PM PDT - File: ./dat/281.dat
Start REDMO 25 - Date: 8/28/14 3:24:18 PM PDT - File: 
End REDMO 25 - Date: 8/28/14 3:46:23 PM PDT - File: ./dat/284.dat
Start REDMO 25 - Date: 8/28/14 3:56:25 PM PDT - File: 
End REDMO 25 - Date: 8/28/14 3:56:46 PM PDT - File: ./dat/284001.dat
Start REDMO 25 - Date: 8/29/14 12:44:19 PM PDT - File: 
End REDMO 25 - Date: 8/29/14 1:14:42 PM PDT - File: ./dat/286.dat
Start REDMO 25 - Date: 8/29/14 5:00:03 PM PDT - File: 
End REDMO 25 - Date: 8/29/14 5:38:56 PM PDT - File: ./dat/288.dat
Start REDMO 25 - Date: 9/1/14 11:09:10 AM PDT - File: 
End REDMO 25 - Date: 9/1/14 12:40:02 PM PDT - File: ./dat/289.dat
Start REDMO 25 - Date: 9/2/14 4:16:46 PM PDT - File: 
End REDMO 25 - Date: 9/2/14 5:06:51 PM PDT - File: ./dat/276.dat
Start REDMO 25 - Date: 9/2/14 5:54:57 PM PDT - File: 
End REDMO 25 - Date: 9/2/14 6:33:30 PM PDT - File: ./dat/277.dat
Start REDMO 25 - Date: 9/3/14 4:06:52 PM PDT - File: 
End REDMO 25 - Date: 9/3/14 5:07:12 PM PDT - File: ./dat/278.dat
Start REDMO 25 - Date: 9/3/14 5:15:54 PM PDT - File: 
End REDMO 25 - Date: 9/3/14 6:32:49 PM PDT - File: ./dat/279.dat
Start REDMO 25 - Date: 9/4/14 10:41:22 AM PDT - File: 
End REDMO 25 - Date: 9/4/14 11:15:41 AM PDT - File: ./dat/280.dat
Start REDMO 25 - Date: 9/4/14 12:27:19 PM PDT - File: 
End REDMO 25 - Date: 9/4/14 12:53:53 PM PDT - File: ./dat/282.dat
Start REDMO 25 - Date: 9/4/14 4:32:30 PM PDT - File: 
End REDMO 25 - Date: 9/4/14 5:25:21 PM PDT - File: ./dat/285.dat
Start REDMO 25 - Date: 9/5/14 3:42:14 PM PDT - File: 
End REDMO 25 - Date: 9/5/14 4:09:59 PM PDT - File: ./dat/287.dat
Start REDMO 25 - Date: 9/7/14 12:58:12 PM PDT - File: 
End REDMO 25 - Date: 9/7/14 1:25:53 PM PDT - File: ./dat/291.dat
Start REDMO 25 - Date: 9/8/14 1:32:26 PM PDT - File: 
End REDMO 25 - Date: 9/8/14 2:12:16 PM PDT - File: ./dat/294.dat
Start REDMO 25 - Date: 9/9/14 10:13:28 AM PDT - File: 
End REDMO 25 - Date: 9/9/14 10:39:42 AM PDT - File: ./dat/290.dat
Start REDMO 25 - Date: 9/10/14 2:04:03 PM PDT - File: 
End REDMO 25 - Date: 9/10/14 2:43:42 PM PDT - File: ./dat/297.dat
Start REDMO 25 - Date: 9/14/14 1:54:08 PM PDT - File: 
End REDMO 25 - Date: 9/14/14 3:04:09 PM PDT - File: ./dat/293.dat
Start REDMO 25 - Date: 9/15/14 11:40:18 AM PDT - File: 
End REDMO 25 - Date: 9/15/14 12:01:56 PM PDT - File: ./dat/301.dat
Start REDMO 25 - Date: 9/16/14 9:55:27 AM PDT - File: 
End REDMO 25 - Date: 9/16/14 10:27:46 AM PDT - File: ./dat/301001.dat
Start REDMO 25 - Date: 9/16/14 4:44:49 PM PDT - File: 
End REDMO 25 - Date: 9/16/14 5:13:20 PM PDT - File: ./dat/296.dat
Start REDMO 25 - Date: 9/16/14 5:55:07 PM PDT - File: 
End REDMO 25 - Date: 9/16/14 6:31:23 PM PDT - File: ./dat/303.dat
Start REDMO 25 - Date: 9/18/14 4:27:07 PM PDT - File: 
End REDMO 25 - Date: 9/18/14 5:10:11 PM PDT - File: ./dat/298.dat
Start REDMO 25 - Date: 9/19/14 3:27:02 PM PDT - File: 
End REDMO 25 - Date: 9/19/14 4:04:56 PM PDT - File: ./dat/299.dat
Start REDMO 25 - Date: 9/19/14 5:11:01 PM PDT - File: 
End REDMO 25 - Date: 9/19/14 5:43:34 PM PDT - File: ./dat/300.dat
Start REDMO 25 - Date: 9/21/14 11:33:12 AM PDT - File: 
End REDMO 25 - Date: 9/21/14 12:27:31 PM PDT - File: ./dat/304.dat
Start REDMO 25 - Date: 9/21/14 12:47:27 PM PDT - File: 
End REDMO 25 - Date: 9/21/14 1:45:25 PM PDT - File: ./dat/306.dat
Start REDMO 25 - Date: 9/21/14 3:54:46 PM PDT - File: 
End REDMO 25 - Date: 9/21/14 4:32:38 PM PDT - File: ./dat/307.dat
Start REDMO 25 - Date: 9/23/14 3:10:26 PM PDT - File: 
End REDMO 25 - Date: 9/23/14 3:46:56 PM PDT - File: ./dat/302.dat
